TN:
SF:/home/sirazhudin_ubuntu/projects_s21/CPP1_s21_matrixplus.ID_353533-1/src/ s21_matrix_oop.h
FN:20,20,S21Matrix::S21Matrix(int)
FN:54,54,S21Matrix::set_matrix_number(int, int, double)
FN:57,57,S21Matrix::GetRows()
FN:59,59,S21Matrix::GetCols()
FN:64,71,S21Matrix::ShowMatrix()
FNDA:34,S21Matrix::S21Matrix(int)
FNDA:152,S21Matrix::set_matrix_number(int, int, double)
FNDA:2,S21Matrix::GetRows()
FNDA:2,S21Matrix::GetCols()
FNDA:6,S21Matrix::ShowMatrix()
FNF:5
FNH:5
DA:20,34
DA:54,152
DA:57,2
DA:59,2
DA:64,6
DA:65,32
DA:66,90
DA:67,64
DA:69,26
DA:71,6
LF:10
LH:10
end_of_record
TN:
SF:/home/sirazhudin_ubuntu/projects_s21/CPP1_s21_matrixplus.ID_353533-1/src/SOURCE/CalcComplements.cpp
FN:3,18,S21Matrix::CalcComplements()
FNDA:8,S21Matrix::CalcComplements()
FNF:1
FNH:1
DA:3,8
DA:4,8
DA:5,8
DA:6,4
DA:8,16
DA:9,48
DA:10,36
DA:11,36
DA:12,36
DA:13,36
DA:14,36
DA:17,4
DA:18,4
LF:13
LH:13
end_of_record
TN:
SF:/home/sirazhudin_ubuntu/projects_s21/CPP1_s21_matrixplus.ID_353533-1/src/SOURCE/Determinant.cpp
FN:3,13,S21Matrix::Determinant()
FNDA:50,S21Matrix::Determinant()
FNF:1
FNH:1
DA:3,50
DA:4,50
DA:6,50
DA:7,48
DA:8,2
DA:10,46
DA:12,48
LF:7
LH:7
end_of_record
TN:
SF:/home/sirazhudin_ubuntu/projects_s21/CPP1_s21_matrixplus.ID_353533-1/src/SOURCE/EditRowsCols.cpp
FN:3,14,S21Matrix::EditRowsCols(int, int)
FNDA:2,S21Matrix::EditRowsCols(int, int)
FNF:1
FNH:1
DA:3,2
DA:4,2
DA:5,12
DA:6,30
DA:7,20
DA:9,12
DA:12,2
DA:13,2
DA:14,2
LF:9
LH:9
end_of_record
TN:
SF:/home/sirazhudin_ubuntu/projects_s21/CPP1_s21_matrixplus.ID_353533-1/src/SOURCE/EqMatrix.cpp
FN:3,18,S21Matrix::EqMatrix(S21Matrix const&)
FNDA:24,S21Matrix::EqMatrix(S21Matrix const&)
FNF:1
FNH:1
DA:3,24
DA:4,24
DA:5,24
DA:6,2
DA:8,86
DA:9,252
DA:10,188
DA:11,4
DA:12,4
DA:13,4
DA:17,24
LF:11
LH:11
end_of_record
TN:
SF:/home/sirazhudin_ubuntu/projects_s21/CPP1_s21_matrixplus.ID_353533-1/src/SOURCE/HELPER/for_determinant.cpp
FN:3,21,S21Matrix::for_determinant(double&, double*, int)
FNDA:70,S21Matrix::for_determinant(double&, double*, int)
FNF:1
FNH:1
DA:3,70
DA:4,156
DA:5,86
DA:6,62
DA:7,86
DA:8,62
DA:9,62
DA:11,96
DA:12,72
DA:13,24
DA:14,24
DA:17,24
DA:18,24
DA:19,24
DA:21,70
LF:15
LH:15
end_of_record
TN:
SF:/home/sirazhudin_ubuntu/projects_s21/CPP1_s21_matrixplus.ID_353533-1/src/SOURCE/HELPER/get_determinant_two_dimensional.cpp
FN:3,5,S21Matrix::get_determinant_two_dimensional()
FNDA:62,S21Matrix::get_determinant_two_dimensional()
FNF:1
FNH:1
DA:3,62
DA:4,62
LF:2
LH:2
end_of_record
TN:
SF:/home/sirazhudin_ubuntu/projects_s21/CPP1_s21_matrixplus.ID_353533-1/src/SOURCE/HELPER/get_minor_matrix.cpp
FN:3,15,S21Matrix::get_minor_matrix(int, int)
FNDA:60,S21Matrix::get_minor_matrix(int, int)
FNF:1
FNH:1
DA:3,60
DA:4,60
DA:5,240
DA:6,720
DA:7,540
DA:8,360
DA:9,360
DA:12,180
DA:14,60
LF:9
LH:9
end_of_record
TN:
SF:/home/sirazhudin_ubuntu/projects_s21/CPP1_s21_matrixplus.ID_353533-1/src/SOURCE/InverseMatrix.cpp
FN:3,15,S21Matrix::InverseMatrix()
FNDA:6,S21Matrix::InverseMatrix()
FNF:1
FNH:1
DA:3,6
DA:4,6
DA:5,6
DA:6,6
DA:7,4
DA:9,4
DA:11,16
DA:12,48
DA:14,8
DA:15,6
LF:10
LH:10
end_of_record
TN:
SF:/home/sirazhudin_ubuntu/projects_s21/CPP1_s21_matrixplus.ID_353533-1/src/SOURCE/MulMatrix.cpp
FN:3,20,S21Matrix::MulMatrix(S21Matrix const&)
FNDA:8,S21Matrix::MulMatrix(S21Matrix const&)
FNF:1
FNH:1
DA:3,8
DA:4,8
DA:5,2
DA:6,6
DA:7,6
DA:8,6
DA:9,78
DA:10,24
DA:11,72
DA:12,54
DA:13,54
DA:14,198
DA:15,144
DA:16,144
DA:20,6
LF:15
LH:15
end_of_record
TN:
SF:/home/sirazhudin_ubuntu/projects_s21/CPP1_s21_matrixplus.ID_353533-1/src/SOURCE/MulNumber.cpp
FN:3,7,S21Matrix::MulNumber(double)
FNDA:6,S21Matrix::MulNumber(double)
FNF:1
FNH:1
DA:3,6
DA:4,24
DA:5,66
DA:7,6
LF:4
LH:4
end_of_record
TN:
SF:/home/sirazhudin_ubuntu/projects_s21/CPP1_s21_matrixplus.ID_353533-1/src/SOURCE/OPERATORS/operator*=.cpp
FN:3,6,S21Matrix::operator*=(S21Matrix&)
FN:8,11,S21Matrix::operator*=(double)
FNDA:2,S21Matrix::operator*=(S21Matrix&)
FNDA:2,S21Matrix::operator*=(double)
FNF:2
FNH:2
DA:3,2
DA:4,2
DA:5,2
DA:8,2
DA:9,2
DA:10,2
LF:6
LH:6
end_of_record
TN:
SF:/home/sirazhudin_ubuntu/projects_s21/CPP1_s21_matrixplus.ID_353533-1/src/SOURCE/OPERATORS/operator+.cpp
FN:3,7,operator+(S21Matrix&, S21Matrix&)
FNDA:2,operator+(S21Matrix&, S21Matrix&)
FNF:1
FNH:1
DA:3,2
DA:4,2
DA:5,2
DA:6,2
DA:7,0
LF:5
LH:4
end_of_record
TN:
SF:/home/sirazhudin_ubuntu/projects_s21/CPP1_s21_matrixplus.ID_353533-1/src/SOURCE/OPERATORS/operator+=.cpp
FN:3,6,S21Matrix::operator+=(S21Matrix&)
FNDA:2,S21Matrix::operator+=(S21Matrix&)
FNF:1
FNH:1
DA:3,2
DA:4,2
DA:5,2
LF:3
LH:3
end_of_record
TN:
SF:/home/sirazhudin_ubuntu/projects_s21/CPP1_s21_matrixplus.ID_353533-1/src/SOURCE/OPERATORS/operator-.cpp
FN:3,7,operator-(S21Matrix&, S21Matrix&)
FNDA:2,operator-(S21Matrix&, S21Matrix&)
FNF:1
FNH:1
DA:3,2
DA:4,2
DA:5,2
DA:6,2
DA:7,0
LF:5
LH:4
end_of_record
TN:
SF:/home/sirazhudin_ubuntu/projects_s21/CPP1_s21_matrixplus.ID_353533-1/src/SOURCE/OPERATORS/operator-=.cpp
FN:3,6,S21Matrix::operator-=(S21Matrix&)
FNDA:2,S21Matrix::operator-=(S21Matrix&)
FNF:1
FNH:1
DA:3,2
DA:4,2
DA:5,2
LF:3
LH:3
end_of_record
TN:
SF:/home/sirazhudin_ubuntu/projects_s21/CPP1_s21_matrixplus.ID_353533-1/src/SOURCE/OPERATORS/operator=.cpp
FN:3,16,S21Matrix::operator=(S21Matrix&)
FNDA:4,S21Matrix::operator=(S21Matrix&)
FNF:1
FNH:1
DA:3,4
DA:4,4
DA:6,4
DA:7,4
DA:8,4
DA:9,4
DA:10,58
DA:11,20
DA:12,54
DA:15,4
LF:10
LH:10
end_of_record
TN:
SF:/home/sirazhudin_ubuntu/projects_s21/CPP1_s21_matrixplus.ID_353533-1/src/SOURCE/OPERATORS/operator==.cpp
FN:3,3,S21Matrix::operator==(S21Matrix&)
FNDA:14,S21Matrix::operator==(S21Matrix&)
FNF:1
FNH:1
DA:3,14
LF:1
LH:1
end_of_record
TN:
SF:/home/sirazhudin_ubuntu/projects_s21/CPP1_s21_matrixplus.ID_353533-1/src/SOURCE/OPERATORS/operator_brackets.cpp
FN:3,9,S21Matrix::operator()(int, int)
FNDA:4,S21Matrix::operator()(int, int)
FNF:1
FNH:1
DA:3,4
DA:4,4
DA:5,4
DA:6,2
DA:8,2
LF:5
LH:5
end_of_record
TN:
SF:/home/sirazhudin_ubuntu/projects_s21/CPP1_s21_matrixplus.ID_353533-1/src/SOURCE/OPERATORS/operator_mult.cpp
FN:15,15,operator*(double, S21Matrix&)
FN:3,7,operator*(S21Matrix&, S21Matrix&)
FN:9,13,operator*(S21Matrix&, double)
FNDA:2,operator*(double, S21Matrix&)
FNDA:2,operator*(S21Matrix&, S21Matrix&)
FNDA:2,operator*(S21Matrix&, double)
FNF:3
FNH:3
DA:3,2
DA:4,2
DA:5,2
DA:6,2
DA:7,0
DA:9,2
DA:10,2
DA:11,2
DA:12,2
DA:13,0
DA:15,2
LF:11
LH:9
end_of_record
TN:
SF:/home/sirazhudin_ubuntu/projects_s21/CPP1_s21_matrixplus.ID_353533-1/src/SOURCE/SubMatrix.cpp
FN:3,10,S21Matrix::SubMatrix(S21Matrix const&)
FNDA:10,S21Matrix::SubMatrix(S21Matrix const&)
FNF:1
FNH:1
DA:3,10
DA:4,10
DA:5,2
DA:6,28
DA:7,72
DA:8,52
DA:10,8
LF:7
LH:7
end_of_record
TN:
SF:/home/sirazhudin_ubuntu/projects_s21/CPP1_s21_matrixplus.ID_353533-1/src/SOURCE/SumMatrix.cpp
FN:3,10,S21Matrix::SumMatrix(S21Matrix const&)
FNDA:8,S21Matrix::SumMatrix(S21Matrix const&)
FNF:1
FNH:1
DA:3,8
DA:4,8
DA:5,2
DA:6,22
DA:7,60
DA:8,44
DA:10,6
LF:7
LH:7
end_of_record
TN:
SF:/home/sirazhudin_ubuntu/projects_s21/CPP1_s21_matrixplus.ID_353533-1/src/SOURCE/Transpose.cpp
FN:3,11,S21Matrix::Transpose()
FNDA:6,S21Matrix::Transpose()
FNF:1
FNH:1
DA:3,6
DA:4,6
DA:5,22
DA:6,64
DA:7,48
DA:10,6
LF:6
LH:6
end_of_record
TN:
SF:/home/sirazhudin_ubuntu/projects_s21/CPP1_s21_matrixplus.ID_353533-1/src/SOURCE/s21Matrix.cpp
FN:13,17,S21Matrix::S21Matrix(S21Matrix const&)
FN:19,22,S21Matrix::S21Matrix(S21Matrix&&)
FN:3,3,S21Matrix::S21Matrix()
FN:5,11,S21Matrix::S21Matrix(int, int)
FNDA:22,S21Matrix::S21Matrix(S21Matrix const&)
FNDA:8,S21Matrix::S21Matrix(S21Matrix&&)
FNDA:2,S21Matrix::S21Matrix()
FNDA:146,S21Matrix::S21Matrix(int, int)
FNF:4
FNH:4
DA:3,2
DA:5,146
DA:6,146
DA:7,146
DA:8,2
DA:9,144
DA:10,1542
DA:11,144
DA:13,22
DA:14,22
DA:15,90
DA:16,258
DA:17,22
DA:19,8
DA:20,8
DA:21,8
DA:22,8
LF:17
LH:17
end_of_record
TN:
SF:/home/sirazhudin_ubuntu/projects_s21/CPP1_s21_matrixplus.ID_353533-1/src/SOURCE/~s21Matrix.cpp
FN:3,8,S21Matrix::~S21Matrix()
FNDA:158,S21Matrix::~S21Matrix()
FNF:1
FNH:1
DA:3,158
DA:4,158
DA:5,564
DA:6,154
DA:8,158
LF:5
LH:5
end_of_record
TN:
SF:/home/sirazhudin_ubuntu/projects_s21/CPP1_s21_matrixplus.ID_353533-1/src/UNIT-TEST/test.cpp
FN:119,164,S21Matrix_operators_Test::S21Matrix_operators_Test()
FN:119,164,S21Matrix_operators_Test::TestBody()
FN:119,164,S21Matrix_operators_Test::~S21Matrix_operators_Test()
FN:13,13,S21Matrix_EqMatrix2_Test::S21Matrix_EqMatrix2_Test()
FN:13,13,S21Matrix_EqMatrix2_Test::TestBody()
FN:13,13,S21Matrix_EqMatrix2_Test::~S21Matrix_EqMatrix2_Test()
FN:166,166,S21Matrix_AccesssorsMutators_Test::S21Matrix_AccesssorsMutators_Test()
FN:166,166,S21Matrix_AccesssorsMutators_Test::TestBody()
FN:166,166,S21Matrix_AccesssorsMutators_Test::~S21Matrix_AccesssorsMutators_Test()
FN:185,189,main
FN:21,21,S21Matrix_SumMatrix_Test::S21Matrix_SumMatrix_Test()
FN:21,21,S21Matrix_SumMatrix_Test::TestBody()
FN:21,21,S21Matrix_SumMatrix_Test::~S21Matrix_SumMatrix_Test()
FN:35,35,S21Matrix_WithoutName1_Test::S21Matrix_WithoutName1_Test()
FN:35,35,S21Matrix_WithoutName1_Test::TestBody()
FN:35,35,S21Matrix_WithoutName1_Test::~S21Matrix_WithoutName1_Test()
FN:44,44,S21Matrix_Mult_Test::S21Matrix_Mult_Test()
FN:44,44,S21Matrix_Mult_Test::TestBody()
FN:44,44,S21Matrix_Mult_Test::~S21Matrix_Mult_Test()
FN:7,7,S21Matrix_EqMatrix1_Test::S21Matrix_EqMatrix1_Test()
FN:7,7,S21Matrix_EqMatrix1_Test::TestBody()
FN:7,7,S21Matrix_EqMatrix1_Test::~S21Matrix_EqMatrix1_Test()
FN:71,71,S21Matrix_Determinant_Test::S21Matrix_Determinant_Test()
FN:71,71,S21Matrix_Determinant_Test::TestBody()
FN:71,71,S21Matrix_Determinant_Test::~S21Matrix_Determinant_Test()
FN:94,94,S21Matrix_InverseMatrix_Test::S21Matrix_InverseMatrix_Test()
FN:94,94,S21Matrix_InverseMatrix_Test::TestBody()
FN:94,94,S21Matrix_InverseMatrix_Test::~S21Matrix_InverseMatrix_Test()
FNDA:2,S21Matrix_operators_Test::S21Matrix_operators_Test()
FNDA:2,S21Matrix_operators_Test::TestBody()
FNDA:4,S21Matrix_operators_Test::~S21Matrix_operators_Test()
FNDA:2,S21Matrix_EqMatrix2_Test::S21Matrix_EqMatrix2_Test()
FNDA:2,S21Matrix_EqMatrix2_Test::TestBody()
FNDA:4,S21Matrix_EqMatrix2_Test::~S21Matrix_EqMatrix2_Test()
FNDA:2,S21Matrix_AccesssorsMutators_Test::S21Matrix_AccesssorsMutators_Test()
FNDA:2,S21Matrix_AccesssorsMutators_Test::TestBody()
FNDA:4,S21Matrix_AccesssorsMutators_Test::~S21Matrix_AccesssorsMutators_Test()
FNDA:4,main
FNDA:2,S21Matrix_SumMatrix_Test::S21Matrix_SumMatrix_Test()
FNDA:2,S21Matrix_SumMatrix_Test::TestBody()
FNDA:4,S21Matrix_SumMatrix_Test::~S21Matrix_SumMatrix_Test()
FNDA:2,S21Matrix_WithoutName1_Test::S21Matrix_WithoutName1_Test()
FNDA:2,S21Matrix_WithoutName1_Test::TestBody()
FNDA:4,S21Matrix_WithoutName1_Test::~S21Matrix_WithoutName1_Test()
FNDA:2,S21Matrix_Mult_Test::S21Matrix_Mult_Test()
FNDA:2,S21Matrix_Mult_Test::TestBody()
FNDA:4,S21Matrix_Mult_Test::~S21Matrix_Mult_Test()
FNDA:2,S21Matrix_EqMatrix1_Test::S21Matrix_EqMatrix1_Test()
FNDA:2,S21Matrix_EqMatrix1_Test::TestBody()
FNDA:4,S21Matrix_EqMatrix1_Test::~S21Matrix_EqMatrix1_Test()
FNDA:2,S21Matrix_Determinant_Test::S21Matrix_Determinant_Test()
FNDA:2,S21Matrix_Determinant_Test::TestBody()
FNDA:4,S21Matrix_Determinant_Test::~S21Matrix_Determinant_Test()
FNDA:2,S21Matrix_InverseMatrix_Test::S21Matrix_InverseMatrix_Test()
FNDA:2,S21Matrix_InverseMatrix_Test::TestBody()
FNDA:4,S21Matrix_InverseMatrix_Test::~S21Matrix_InverseMatrix_Test()
FNF:28
FNH:28
DA:7,8
DA:8,2
DA:9,2
DA:10,2
DA:11,2
DA:13,8
DA:14,2
DA:15,2
DA:16,2
DA:17,2
DA:18,2
DA:19,2
DA:21,8
DA:22,2
DA:23,2
DA:24,2
DA:25,2
DA:26,2
DA:27,2
DA:28,2
DA:29,2
DA:30,2
DA:31,2
DA:32,2
DA:33,2
DA:35,8
DA:36,2
DA:37,4
DA:38,4
DA:39,4
DA:40,2
DA:41,2
DA:42,2
DA:44,8
DA:45,2
DA:46,2
DA:47,2
DA:48,2
DA:49,2
DA:50,2
DA:51,2
DA:52,2
DA:53,2
DA:54,2
DA:55,4
DA:56,4
DA:57,2
DA:58,4
DA:59,2
DA:60,2
DA:61,2
DA:62,2
DA:63,2
DA:64,2
DA:65,2
DA:66,4
DA:67,2
DA:68,2
DA:69,2
DA:71,8
DA:72,2
DA:73,2
DA:74,2
DA:75,2
DA:76,2
DA:77,2
DA:78,2
DA:79,2
DA:80,2
DA:81,2
DA:82,2
DA:83,2
DA:84,2
DA:85,2
DA:86,2
DA:87,2
DA:88,2
DA:89,2
DA:90,2
DA:91,2
DA:92,2
DA:94,8
DA:95,2
DA:96,2
DA:97,2
DA:98,2
DA:99,2
DA:100,2
DA:101,2
DA:102,2
DA:103,2
DA:104,2
DA:106,2
DA:107,2
DA:108,2
DA:109,2
DA:110,2
DA:111,2
DA:112,2
DA:113,2
DA:114,2
DA:115,2
DA:116,2
DA:117,4
DA:118,2
DA:119,8
DA:120,2
DA:121,2
DA:122,2
DA:123,2
DA:124,2
DA:125,2
DA:126,2
DA:127,2
DA:128,2
DA:129,2
DA:131,2
DA:132,2
DA:133,2
DA:134,2
DA:135,2
DA:136,2
DA:137,2
DA:138,2
DA:139,2
DA:140,2
DA:141,2
DA:142,2
DA:143,2
DA:144,2
DA:145,2
DA:146,2
DA:147,2
DA:148,2
DA:149,2
DA:150,2
DA:151,2
DA:152,2
DA:153,2
DA:154,2
DA:155,2
DA:156,2
DA:157,2
DA:158,2
DA:159,2
DA:160,2
DA:161,2
DA:162,2
DA:163,2
DA:164,2
DA:166,8
DA:167,2
DA:168,2
DA:169,2
DA:170,2
DA:171,2
DA:172,2
DA:173,2
DA:174,2
DA:175,2
DA:176,2
DA:177,2
DA:178,2
DA:179,2
DA:180,2
DA:181,2
DA:182,2
DA:183,2
DA:185,4
DA:186,4
DA:188,4
LF:171
LH:171
end_of_record
TN:
SF:/usr/include/c++/13/bits/allocator.h
FNF:0
FNH:0
LF:0
LH:0
end_of_record
TN:
SF:/usr/include/c++/13/bits/basic_string.h
FN:641,650,std::__cxx11::basic_string<char, std::char_traits<char>, std::allocator<char> >::basic_string<std::allocator<char> >(char const*, std::allocator<char> const&)
FNDA:36,std::__cxx11::basic_string<char, std::char_traits<char>, std::allocator<char> >::basic_string<std::allocator<char> >(char const*, std::allocator<char> const&)
FNF:1
FNH:1
DA:355,0
DA:641,36
DA:642,36
DA:645,36
DA:646,0
DA:648,36
DA:649,36
DA:650,36
LF:8
LH:6
end_of_record
TN:
SF:/usr/include/c++/13/bits/basic_string.tcc
FN:221,252,void std::__cxx11::basic_string<char, std::char_traits<char>, std::allocator<char> >::_M_construct<char const*>(char const*, char const*, std::forward_iterator_tag)
FN:221,252,void std::__cxx11::basic_string<char, std::char_traits<char>, std::allocator<char> >::_M_construct<char*>(char*, char*, std::forward_iterator_tag)
FN:239,239,std::__cxx11::basic_string<char, std::char_traits<char>, std::allocator<char> >::_M_construct<char const*>(char const*, char const*, std::forward_iterator_tag)::_Guard::_Guard(std::__cxx11::basic_string<char, std::char_traits<char>, std::allocator<char> >*)
FN:239,239,std::__cxx11::basic_string<char, std::char_traits<char>, std::allocator<char> >::_M_construct<char*>(char*, char*, std::forward_iterator_tag)::_Guard::_Guard(std::__cxx11::basic_string<char, std::char_traits<char>, std::allocator<char> >*)
FN:242,242,std::__cxx11::basic_string<char, std::char_traits<char>, std::allocator<char> >::_M_construct<char const*>(char const*, char const*, std::forward_iterator_tag)::_Guard::~_Guard()
FN:242,242,std::__cxx11::basic_string<char, std::char_traits<char>, std::allocator<char> >::_M_construct<char*>(char*, char*, std::forward_iterator_tag)::_Guard::~_Guard()
FNDA:36,void std::__cxx11::basic_string<char, std::char_traits<char>, std::allocator<char> >::_M_construct<char const*>(char const*, char const*, std::forward_iterator_tag)
FNDA:0,void std::__cxx11::basic_string<char, std::char_traits<char>, std::allocator<char> >::_M_construct<char*>(char*, char*, std::forward_iterator_tag)
FNDA:36,std::__cxx11::basic_string<char, std::char_traits<char>, std::allocator<char> >::_M_construct<char const*>(char const*, char const*, std::forward_iterator_tag)::_Guard::_Guard(std::__cxx11::basic_string<char, std::char_traits<char>, std::allocator<char> >*)
FNDA:0,std::__cxx11::basic_string<char, std::char_traits<char>, std::allocator<char> >::_M_construct<char*>(char*, char*, std::forward_iterator_tag)::_Guard::_Guard(std::__cxx11::basic_string<char, std::char_traits<char>, std::allocator<char> >*)
FNDA:36,std::__cxx11::basic_string<char, std::char_traits<char>, std::allocator<char> >::_M_construct<char const*>(char const*, char const*, std::forward_iterator_tag)::_Guard::~_Guard()
FNDA:0,std::__cxx11::basic_string<char, std::char_traits<char>, std::allocator<char> >::_M_construct<char*>(char*, char*, std::forward_iterator_tag)::_Guard::~_Guard()
FNF:6
FNH:3
DA:221,36
DA:225,36
DA:227,36
DA:229,36
DA:230,36
DA:239,36
DA:242,36
DA:245,36
DA:247,36
DA:249,36
DA:251,36
DA:252,36
LF:12
LH:12
end_of_record
TN:
SF:/usr/include/c++/13/bits/char_traits.h
FN:136,137,__gnu_cxx::char_traits<char>::eq(char const&, char const&)
FN:199,206,__gnu_cxx::char_traits<char>::length(char const*)
FN:393,400,std::char_traits<char>::length(char const*)
FNDA:0,__gnu_cxx::char_traits<char>::eq(char const&, char const&)
FNDA:0,__gnu_cxx::char_traits<char>::length(char const*)
FNDA:36,std::char_traits<char>::length(char const*)
FNF:3
FNH:1
DA:136,0
DA:137,0
DA:199,0
DA:202,0
DA:203,0
DA:204,0
DA:205,0
DA:393,36
DA:396,36
DA:397,0
DA:399,36
LF:11
LH:3
end_of_record
TN:
SF:/usr/include/c++/13/bits/move.h
FN:97,98,std::remove_reference<S21Matrix&>::type&& std::move<S21Matrix&>(S21Matrix&)
FN:97,98,std::remove_reference<std::__cxx11::basic_string<char, std::char_traits<char>, std::allocator<char> >*&>::type&& std::move<std::__cxx11::basic_string<char, std::char_traits<char>, std::allocator<char> >*&>(std::__cxx11::basic_string<char, std::char_traits<char>, std::allocator<char> >*&)
FN:97,98,std::remove_reference<std::__cxx11::basic_stringstream<char, std::char_traits<char>, std::allocator<char> >*&>::type&& std::move<std::__cxx11::basic_stringstream<char, std::char_traits<char>, std::allocator<char> >*&>(std::__cxx11::basic_stringstream<char, std::char_traits<char>, std::allocator<char> >*&)
FN:97,98,std::remove_reference<std::allocator<char>&>::type&& std::move<std::allocator<char>&>(std::allocator<char>&)
FNDA:8,std::remove_reference<S21Matrix&>::type&& std::move<S21Matrix&>(S21Matrix&)
FNDA:0,std::remove_reference<std::__cxx11::basic_string<char, std::char_traits<char>, std::allocator<char> >*&>::type&& std::move<std::__cxx11::basic_string<char, std::char_traits<char>, std::allocator<char> >*&>(std::__cxx11::basic_string<char, std::char_traits<char>, std::allocator<char> >*&)
FNDA:0,std::remove_reference<std::__cxx11::basic_stringstream<char, std::char_traits<char>, std::allocator<char> >*&>::type&& std::move<std::__cxx11::basic_stringstream<char, std::char_traits<char>, std::allocator<char> >*&>(std::__cxx11::basic_stringstream<char, std::char_traits<char>, std::allocator<char> >*&)
FNDA:0,std::remove_reference<std::allocator<char>&>::type&& std::move<std::allocator<char>&>(std::allocator<char>&)
FNF:4
FNH:1
DA:97,8
DA:98,8
LF:2
LH:2
end_of_record
TN:
SF:/usr/include/c++/13/bits/new_allocator.h
FN:104,104,std::__new_allocator<char>::~__new_allocator()
FNDA:36,std::__new_allocator<char>::~__new_allocator()
FNF:1
FNH:1
DA:104,36
LF:1
LH:1
end_of_record
TN:
SF:/usr/include/c++/13/bits/stl_iterator_base_funcs.h
FNF:0
FNH:0
DA:106,36
DA:151,72
DA:152,72
LF:3
LH:3
end_of_record
TN:
SF:/usr/include/c++/13/bits/stl_iterator_base_types.h
FNF:0
FNH:0
DA:240,36
LF:1
LH:1
end_of_record
TN:
SF:/usr/include/c++/13/bits/unique_ptr.h
FN:174,174,std::__uniq_ptr_impl<std::__cxx11::basic_string<char, std::char_traits<char>, std::allocator<char> >, std::default_delete<std::__cxx11::basic_string<char, std::char_traits<char>, std::allocator<char> > > >::__uniq_ptr_impl()
FN:197,197,std::__uniq_ptr_impl<std::__cxx11::basic_string<char, std::char_traits<char>, std::allocator<char> >, std::default_delete<std::__cxx11::basic_string<char, std::char_traits<char>, std::allocator<char> > > >::_M_ptr()
FN:197,197,std::__uniq_ptr_impl<std::__cxx11::basic_stringstream<char, std::char_traits<char>, std::allocator<char> >, std::default_delete<std::__cxx11::basic_stringstream<char, std::char_traits<char>, std::allocator<char> > > >::_M_ptr()
FN:201,201,std::__uniq_ptr_impl<std::__cxx11::basic_string<char, std::char_traits<char>, std::allocator<char> >, std::default_delete<std::__cxx11::basic_string<char, std::char_traits<char>, std::allocator<char> > > >::_M_deleter()
FN:201,201,std::__uniq_ptr_impl<std::__cxx11::basic_stringstream<char, std::char_traits<char>, std::allocator<char> >, std::default_delete<std::__cxx11::basic_stringstream<char, std::char_traits<char>, std::allocator<char> > > >::_M_deleter()
FN:304,306,std::unique_ptr<std::__cxx11::basic_string<char, std::char_traits<char>, std::allocator<char> >, std::default_delete<std::__cxx11::basic_string<char, std::char_traits<char>, std::allocator<char> > > >::unique_ptr<std::default_delete<std::__cxx11::basic_string<char, std::char_traits<char>, std::allocator<char> > >, void>()
FN:398,406,std::unique_ptr<std::__cxx11::basic_string<char, std::char_traits<char>, std::allocator<char> >, std::default_delete<std::__cxx11::basic_string<char, std::char_traits<char>, std::allocator<char> > > >::~unique_ptr()
FN:398,406,std::unique_ptr<std::__cxx11::basic_stringstream<char, std::char_traits<char>, std::allocator<char> >, std::default_delete<std::__cxx11::basic_stringstream<char, std::char_traits<char>, std::allocator<char> > > >::~unique_ptr()
FN:475,476,std::unique_ptr<std::__cxx11::basic_string<char, std::char_traits<char>, std::allocator<char> >, std::default_delete<std::__cxx11::basic_string<char, std::char_traits<char>, std::allocator<char> > > >::get_deleter()
FN:475,476,std::unique_ptr<std::__cxx11::basic_stringstream<char, std::char_traits<char>, std::allocator<char> >, std::default_delete<std::__cxx11::basic_stringstream<char, std::char_traits<char>, std::allocator<char> > > >::get_deleter()
FN:93,100,std::default_delete<std::__cxx11::basic_string<char, std::char_traits<char>, std::allocator<char> > >::operator()(std::__cxx11::basic_string<char, std::char_traits<char>, std::allocator<char> >*) const
FN:93,100,std::default_delete<std::__cxx11::basic_stringstream<char, std::char_traits<char>, std::allocator<char> > >::operator()(std::__cxx11::basic_stringstream<char, std::char_traits<char>, std::allocator<char> >*) const
FNDA:38,std::__uniq_ptr_impl<std::__cxx11::basic_string<char, std::char_traits<char>, std::allocator<char> >, std::default_delete<std::__cxx11::basic_string<char, std::char_traits<char>, std::allocator<char> > > >::__uniq_ptr_impl()
FNDA:38,std::__uniq_ptr_impl<std::__cxx11::basic_string<char, std::char_traits<char>, std::allocator<char> >, std::default_delete<std::__cxx11::basic_string<char, std::char_traits<char>, std::allocator<char> > > >::_M_ptr()
FNDA:0,std::__uniq_ptr_impl<std::__cxx11::basic_stringstream<char, std::char_traits<char>, std::allocator<char> >, std::default_delete<std::__cxx11::basic_stringstream<char, std::char_traits<char>, std::allocator<char> > > >::_M_ptr()
FNDA:0,std::__uniq_ptr_impl<std::__cxx11::basic_string<char, std::char_traits<char>, std::allocator<char> >, std::default_delete<std::__cxx11::basic_string<char, std::char_traits<char>, std::allocator<char> > > >::_M_deleter()
FNDA:0,std::__uniq_ptr_impl<std::__cxx11::basic_stringstream<char, std::char_traits<char>, std::allocator<char> >, std::default_delete<std::__cxx11::basic_stringstream<char, std::char_traits<char>, std::allocator<char> > > >::_M_deleter()
FNDA:38,std::unique_ptr<std::__cxx11::basic_string<char, std::char_traits<char>, std::allocator<char> >, std::default_delete<std::__cxx11::basic_string<char, std::char_traits<char>, std::allocator<char> > > >::unique_ptr<std::default_delete<std::__cxx11::basic_string<char, std::char_traits<char>, std::allocator<char> > >, void>()
FNDA:38,std::unique_ptr<std::__cxx11::basic_string<char, std::char_traits<char>, std::allocator<char> >, std::default_delete<std::__cxx11::basic_string<char, std::char_traits<char>, std::allocator<char> > > >::~unique_ptr()
FNDA:0,std::unique_ptr<std::__cxx11::basic_stringstream<char, std::char_traits<char>, std::allocator<char> >, std::default_delete<std::__cxx11::basic_stringstream<char, std::char_traits<char>, std::allocator<char> > > >::~unique_ptr()
FNDA:0,std::unique_ptr<std::__cxx11::basic_string<char, std::char_traits<char>, std::allocator<char> >, std::default_delete<std::__cxx11::basic_string<char, std::char_traits<char>, std::allocator<char> > > >::get_deleter()
FNDA:0,std::unique_ptr<std::__cxx11::basic_stringstream<char, std::char_traits<char>, std::allocator<char> >, std::default_delete<std::__cxx11::basic_stringstream<char, std::char_traits<char>, std::allocator<char> > > >::get_deleter()
FNDA:0,std::default_delete<std::__cxx11::basic_string<char, std::char_traits<char>, std::allocator<char> > >::operator()(std::__cxx11::basic_string<char, std::char_traits<char>, std::allocator<char> >*) const
FNDA:0,std::default_delete<std::__cxx11::basic_stringstream<char, std::char_traits<char>, std::allocator<char> > >::operator()(std::__cxx11::basic_stringstream<char, std::char_traits<char>, std::allocator<char> >*) const
FNF:12
FNH:4
DA:93,0
DA:99,0
DA:100,0
DA:174,38
DA:197,38
DA:201,0
DA:304,38
DA:305,38
DA:306,38
DA:398,38
DA:402,38
DA:403,38
DA:404,0
DA:405,38
DA:406,38
DA:475,0
DA:476,0
LF:17
LH:10
end_of_record
TN:
SF:/usr/include/c++/13/tuple
FN:125,125,std::_Head_base<1ul, std::default_delete<std::__cxx11::basic_string<char, std::char_traits<char>, std::allocator<char> > >, true>::_M_head(std::_Head_base<1ul, std::default_delete<std::__cxx11::basic_string<char, std::char_traits<char>, std::allocator<char> > >, true>&)
FN:125,125,std::_Head_base<1ul, std::default_delete<std::__cxx11::basic_stringstream<char, std::char_traits<char>, std::allocator<char> > >, true>::_M_head(std::_Head_base<1ul, std::default_delete<std::__cxx11::basic_stringstream<char, std::char_traits<char>, std::allocator<char> > >, true>&)
FN:1317,1319,std::tuple<std::__cxx11::basic_string<char, std::char_traits<char>, std::allocator<char> >*, std::default_delete<std::__cxx11::basic_string<char, std::char_traits<char>, std::allocator<char> > > >::tuple<true, true>()
FN:1787,1788,std::__cxx11::basic_string<char, std::char_traits<char>, std::allocator<char> >*& std::__get_helper<0ul, std::__cxx11::basic_string<char, std::char_traits<char>, std::allocator<char> >*, std::default_delete<std::__cxx11::basic_string<char, std::char_traits<char>, std::allocator<char> > > >(std::_Tuple_impl<0ul, std::__cxx11::basic_string<char, std::char_traits<char>, std::allocator<char> >*, std::default_delete<std::__cxx11::basic_string<char, std::char_traits<char>, std::allocator<char> > > >&)
FN:1787,1788,std::__cxx11::basic_stringstream<char, std::char_traits<char>, std::allocator<char> >*& std::__get_helper<0ul, std::__cxx11::basic_stringstream<char, std::char_traits<char>, std::allocator<char> >*, std::default_delete<std::__cxx11::basic_stringstream<char, std::char_traits<char>, std::allocator<char> > > >(std::_Tuple_impl<0ul, std::__cxx11::basic_stringstream<char, std::char_traits<char>, std::allocator<char> >*, std::default_delete<std::__cxx11::basic_stringstream<char, std::char_traits<char>, std::allocator<char> > > >&)
FN:1787,1788,std::default_delete<std::__cxx11::basic_string<char, std::char_traits<char>, std::allocator<char> > >& std::__get_helper<1ul, std::default_delete<std::__cxx11::basic_string<char, std::char_traits<char>, std::allocator<char> > >>(std::_Tuple_impl<1ul, std::default_delete<std::__cxx11::basic_string<char, std::char_traits<char>, std::allocator<char> > >>&)
FN:1787,1788,std::default_delete<std::__cxx11::basic_stringstream<char, std::char_traits<char>, std::allocator<char> > >& std::__get_helper<1ul, std::default_delete<std::__cxx11::basic_stringstream<char, std::char_traits<char>, std::allocator<char> > >>(std::_Tuple_impl<1ul, std::default_delete<std::__cxx11::basic_stringstream<char, std::char_traits<char>, std::allocator<char> > >>&)
FN:1803,1804,std::tuple_element<0ul, std::tuple<std::__cxx11::basic_string<char, std::char_traits<char>, std::allocator<char> >*, std::default_delete<std::__cxx11::basic_string<char, std::char_traits<char>, std::allocator<char> > > > >::type& std::get<0ul, std::__cxx11::basic_string<char, std::char_traits<char>, std::allocator<char> >*, std::default_delete<std::__cxx11::basic_string<char, std::char_traits<char>, std::allocator<char> > > >(std::tuple<std::__cxx11::basic_string<char, std::char_traits<char>, std::allocator<char> >*, std::default_delete<std::__cxx11::basic_string<char, std::char_traits<char>, std::allocator<char> > > >&)
FN:1803,1804,std::tuple_element<0ul, std::tuple<std::__cxx11::basic_stringstream<char, std::char_traits<char>, std::allocator<char> >*, std::default_delete<std::__cxx11::basic_stringstream<char, std::char_traits<char>, std::allocator<char> > > > >::type& std::get<0ul, std::__cxx11::basic_stringstream<char, std::char_traits<char>, std::allocator<char> >*, std::default_delete<std::__cxx11::basic_stringstream<char, std::char_traits<char>, std::allocator<char> > > >(std::tuple<std::__cxx11::basic_stringstream<char, std::char_traits<char>, std::allocator<char> >*, std::default_delete<std::__cxx11::basic_stringstream<char, std::char_traits<char>, std::allocator<char> > > >&)
FN:1803,1804,std::tuple_element<1ul, std::tuple<std::__cxx11::basic_string<char, std::char_traits<char>, std::allocator<char> >*, std::default_delete<std::__cxx11::basic_string<char, std::char_traits<char>, std::allocator<char> > > > >::type& std::get<1ul, std::__cxx11::basic_string<char, std::char_traits<char>, std::allocator<char> >*, std::default_delete<std::__cxx11::basic_string<char, std::char_traits<char>, std::allocator<char> > > >(std::tuple<std::__cxx11::basic_string<char, std::char_traits<char>, std::allocator<char> >*, std::default_delete<std::__cxx11::basic_string<char, std::char_traits<char>, std::allocator<char> > > >&)
FN:1803,1804,std::tuple_element<1ul, std::tuple<std::__cxx11::basic_stringstream<char, std::char_traits<char>, std::allocator<char> >*, std::default_delete<std::__cxx11::basic_stringstream<char, std::char_traits<char>, std::allocator<char> > > > >::type& std::get<1ul, std::__cxx11::basic_stringstream<char, std::char_traits<char>, std::allocator<char> >*, std::default_delete<std::__cxx11::basic_stringstream<char, std::char_traits<char>, std::allocator<char> > > >(std::tuple<std::__cxx11::basic_stringstream<char, std::char_traits<char>, std::allocator<char> >*, std::default_delete<std::__cxx11::basic_stringstream<char, std::char_traits<char>, std::allocator<char> > > >&)
FN:190,191,std::_Head_base<0ul, std::__cxx11::basic_string<char, std::char_traits<char>, std::allocator<char> >*, false>::_Head_base()
FN:234,234,std::_Head_base<0ul, std::__cxx11::basic_string<char, std::char_traits<char>, std::allocator<char> >*, false>::_M_head(std::_Head_base<0ul, std::__cxx11::basic_string<char, std::char_traits<char>, std::allocator<char> >*, false>&)
FN:234,234,std::_Head_base<0ul, std::__cxx11::basic_stringstream<char, std::char_traits<char>, std::allocator<char> >*, false>::_M_head(std::_Head_base<0ul, std::__cxx11::basic_stringstream<char, std::char_traits<char>, std::allocator<char> >*, false>&)
FN:269,269,std::_Tuple_impl<0ul, std::__cxx11::basic_string<char, std::char_traits<char>, std::allocator<char> >*, std::default_delete<std::__cxx11::basic_string<char, std::char_traits<char>, std::allocator<char> > > >::_M_head(std::_Tuple_impl<0ul, std::__cxx11::basic_string<char, std::char_traits<char>, std::allocator<char> >*, std::default_delete<std::__cxx11::basic_string<char, std::char_traits<char>, std::allocator<char> > > >&)
FN:269,269,std::_Tuple_impl<0ul, std::__cxx11::basic_stringstream<char, std::char_traits<char>, std::allocator<char> >*, std::default_delete<std::__cxx11::basic_stringstream<char, std::char_traits<char>, std::allocator<char> > > >::_M_head(std::_Tuple_impl<0ul, std::__cxx11::basic_stringstream<char, std::char_traits<char>, std::allocator<char> >*, std::default_delete<std::__cxx11::basic_stringstream<char, std::char_traits<char>, std::allocator<char> > > >&)
FN:280,281,std::_Tuple_impl<0ul, std::__cxx11::basic_string<char, std::char_traits<char>, std::allocator<char> >*, std::default_delete<std::__cxx11::basic_string<char, std::char_traits<char>, std::allocator<char> > > >::_Tuple_impl()
FN:497,497,std::_Tuple_impl<1ul, std::default_delete<std::__cxx11::basic_string<char, std::char_traits<char>, std::allocator<char> > > >::_M_head(std::_Tuple_impl<1ul, std::default_delete<std::__cxx11::basic_string<char, std::char_traits<char>, std::allocator<char> > > >&)
FN:497,497,std::_Tuple_impl<1ul, std::default_delete<std::__cxx11::basic_stringstream<char, std::char_traits<char>, std::allocator<char> > > >::_M_head(std::_Tuple_impl<1ul, std::default_delete<std::__cxx11::basic_stringstream<char, std::char_traits<char>, std::allocator<char> > > >&)
FN:503,504,std::_Tuple_impl<1ul, std::default_delete<std::__cxx11::basic_string<char, std::char_traits<char>, std::allocator<char> > > >::_Tuple_impl()
FN:81,82,std::_Head_base<1ul, std::default_delete<std::__cxx11::basic_string<char, std::char_traits<char>, std::allocator<char> > >, true>::_Head_base()
FNDA:0,std::_Head_base<1ul, std::default_delete<std::__cxx11::basic_string<char, std::char_traits<char>, std::allocator<char> > >, true>::_M_head(std::_Head_base<1ul, std::default_delete<std::__cxx11::basic_string<char, std::char_traits<char>, std::allocator<char> > >, true>&)
FNDA:0,std::_Head_base<1ul, std::default_delete<std::__cxx11::basic_stringstream<char, std::char_traits<char>, std::allocator<char> > >, true>::_M_head(std::_Head_base<1ul, std::default_delete<std::__cxx11::basic_stringstream<char, std::char_traits<char>, std::allocator<char> > >, true>&)
FNDA:38,std::tuple<std::__cxx11::basic_string<char, std::char_traits<char>, std::allocator<char> >*, std::default_delete<std::__cxx11::basic_string<char, std::char_traits<char>, std::allocator<char> > > >::tuple<true, true>()
FNDA:38,std::__cxx11::basic_string<char, std::char_traits<char>, std::allocator<char> >*& std::__get_helper<0ul, std::__cxx11::basic_string<char, std::char_traits<char>, std::allocator<char> >*, std::default_delete<std::__cxx11::basic_string<char, std::char_traits<char>, std::allocator<char> > > >(std::_Tuple_impl<0ul, std::__cxx11::basic_string<char, std::char_traits<char>, std::allocator<char> >*, std::default_delete<std::__cxx11::basic_string<char, std::char_traits<char>, std::allocator<char> > > >&)
FNDA:0,std::__cxx11::basic_stringstream<char, std::char_traits<char>, std::allocator<char> >*& std::__get_helper<0ul, std::__cxx11::basic_stringstream<char, std::char_traits<char>, std::allocator<char> >*, std::default_delete<std::__cxx11::basic_stringstream<char, std::char_traits<char>, std::allocator<char> > > >(std::_Tuple_impl<0ul, std::__cxx11::basic_stringstream<char, std::char_traits<char>, std::allocator<char> >*, std::default_delete<std::__cxx11::basic_stringstream<char, std::char_traits<char>, std::allocator<char> > > >&)
FNDA:0,std::default_delete<std::__cxx11::basic_string<char, std::char_traits<char>, std::allocator<char> > >& std::__get_helper<1ul, std::default_delete<std::__cxx11::basic_string<char, std::char_traits<char>, std::allocator<char> > >>(std::_Tuple_impl<1ul, std::default_delete<std::__cxx11::basic_string<char, std::char_traits<char>, std::allocator<char> > >>&)
FNDA:0,std::default_delete<std::__cxx11::basic_stringstream<char, std::char_traits<char>, std::allocator<char> > >& std::__get_helper<1ul, std::default_delete<std::__cxx11::basic_stringstream<char, std::char_traits<char>, std::allocator<char> > >>(std::_Tuple_impl<1ul, std::default_delete<std::__cxx11::basic_stringstream<char, std::char_traits<char>, std::allocator<char> > >>&)
FNDA:38,std::tuple_element<0ul, std::tuple<std::__cxx11::basic_string<char, std::char_traits<char>, std::allocator<char> >*, std::default_delete<std::__cxx11::basic_string<char, std::char_traits<char>, std::allocator<char> > > > >::type& std::get<0ul, std::__cxx11::basic_string<char, std::char_traits<char>, std::allocator<char> >*, std::default_delete<std::__cxx11::basic_string<char, std::char_traits<char>, std::allocator<char> > > >(std::tuple<std::__cxx11::basic_string<char, std::char_traits<char>, std::allocator<char> >*, std::default_delete<std::__cxx11::basic_string<char, std::char_traits<char>, std::allocator<char> > > >&)
FNDA:0,std::tuple_element<0ul, std::tuple<std::__cxx11::basic_stringstream<char, std::char_traits<char>, std::allocator<char> >*, std::default_delete<std::__cxx11::basic_stringstream<char, std::char_traits<char>, std::allocator<char> > > > >::type& std::get<0ul, std::__cxx11::basic_stringstream<char, std::char_traits<char>, std::allocator<char> >*, std::default_delete<std::__cxx11::basic_stringstream<char, std::char_traits<char>, std::allocator<char> > > >(std::tuple<std::__cxx11::basic_stringstream<char, std::char_traits<char>, std::allocator<char> >*, std::default_delete<std::__cxx11::basic_stringstream<char, std::char_traits<char>, std::allocator<char> > > >&)
FNDA:0,std::tuple_element<1ul, std::tuple<std::__cxx11::basic_string<char, std::char_traits<char>, std::allocator<char> >*, std::default_delete<std::__cxx11::basic_string<char, std::char_traits<char>, std::allocator<char> > > > >::type& std::get<1ul, std::__cxx11::basic_string<char, std::char_traits<char>, std::allocator<char> >*, std::default_delete<std::__cxx11::basic_string<char, std::char_traits<char>, std::allocator<char> > > >(std::tuple<std::__cxx11::basic_string<char, std::char_traits<char>, std::allocator<char> >*, std::default_delete<std::__cxx11::basic_string<char, std::char_traits<char>, std::allocator<char> > > >&)
FNDA:0,std::tuple_element<1ul, std::tuple<std::__cxx11::basic_stringstream<char, std::char_traits<char>, std::allocator<char> >*, std::default_delete<std::__cxx11::basic_stringstream<char, std::char_traits<char>, std::allocator<char> > > > >::type& std::get<1ul, std::__cxx11::basic_stringstream<char, std::char_traits<char>, std::allocator<char> >*, std::default_delete<std::__cxx11::basic_stringstream<char, std::char_traits<char>, std::allocator<char> > > >(std::tuple<std::__cxx11::basic_stringstream<char, std::char_traits<char>, std::allocator<char> >*, std::default_delete<std::__cxx11::basic_stringstream<char, std::char_traits<char>, std::allocator<char> > > >&)
FNDA:38,std::_Head_base<0ul, std::__cxx11::basic_string<char, std::char_traits<char>, std::allocator<char> >*, false>::_Head_base()
FNDA:38,std::_Head_base<0ul, std::__cxx11::basic_string<char, std::char_traits<char>, std::allocator<char> >*, false>::_M_head(std::_Head_base<0ul, std::__cxx11::basic_string<char, std::char_traits<char>, std::allocator<char> >*, false>&)
FNDA:0,std::_Head_base<0ul, std::__cxx11::basic_stringstream<char, std::char_traits<char>, std::allocator<char> >*, false>::_M_head(std::_Head_base<0ul, std::__cxx11::basic_stringstream<char, std::char_traits<char>, std::allocator<char> >*, false>&)
FNDA:38,std::_Tuple_impl<0ul, std::__cxx11::basic_string<char, std::char_traits<char>, std::allocator<char> >*, std::default_delete<std::__cxx11::basic_string<char, std::char_traits<char>, std::allocator<char> > > >::_M_head(std::_Tuple_impl<0ul, std::__cxx11::basic_string<char, std::char_traits<char>, std::allocator<char> >*, std::default_delete<std::__cxx11::basic_string<char, std::char_traits<char>, std::allocator<char> > > >&)
FNDA:0,std::_Tuple_impl<0ul, std::__cxx11::basic_stringstream<char, std::char_traits<char>, std::allocator<char> >*, std::default_delete<std::__cxx11::basic_stringstream<char, std::char_traits<char>, std::allocator<char> > > >::_M_head(std::_Tuple_impl<0ul, std::__cxx11::basic_stringstream<char, std::char_traits<char>, std::allocator<char> >*, std::default_delete<std::__cxx11::basic_stringstream<char, std::char_traits<char>, std::allocator<char> > > >&)
FNDA:38,std::_Tuple_impl<0ul, std::__cxx11::basic_string<char, std::char_traits<char>, std::allocator<char> >*, std::default_delete<std::__cxx11::basic_string<char, std::char_traits<char>, std::allocator<char> > > >::_Tuple_impl()
FNDA:0,std::_Tuple_impl<1ul, std::default_delete<std::__cxx11::basic_string<char, std::char_traits<char>, std::allocator<char> > > >::_M_head(std::_Tuple_impl<1ul, std::default_delete<std::__cxx11::basic_string<char, std::char_traits<char>, std::allocator<char> > > >&)
FNDA:0,std::_Tuple_impl<1ul, std::default_delete<std::__cxx11::basic_stringstream<char, std::char_traits<char>, std::allocator<char> > > >::_M_head(std::_Tuple_impl<1ul, std::default_delete<std::__cxx11::basic_stringstream<char, std::char_traits<char>, std::allocator<char> > > >&)
FNDA:38,std::_Tuple_impl<1ul, std::default_delete<std::__cxx11::basic_string<char, std::char_traits<char>, std::allocator<char> > > >::_Tuple_impl()
FNDA:38,std::_Head_base<1ul, std::default_delete<std::__cxx11::basic_string<char, std::char_traits<char>, std::allocator<char> > >, true>::_Head_base()
FNF:21
FNH:9
DA:81,38
DA:82,38
DA:125,0
DA:190,38
DA:191,38
DA:234,38
DA:269,38
DA:280,38
DA:281,38
DA:497,0
DA:503,38
DA:504,38
DA:1317,38
DA:1319,38
DA:1787,38
DA:1788,38
DA:1803,38
DA:1804,38
LF:18
LH:16
end_of_record
TN:
SF:/usr/include/gtest/gtest-assertion-result.h
FN:155,161,testing::AssertionResult::AssertionResult<bool>(bool const&, std::enable_if<!std::is_convertible<bool, testing::AssertionResult>::value, void>::type*)
FN:174,174,testing::AssertionResult::operator bool() const
FNDA:38,testing::AssertionResult::AssertionResult<bool>(bool const&, std::enable_if<!std::is_convertible<bool, testing::AssertionResult>::value, void>::type*)
FNDA:38,testing::AssertionResult::operator bool() const
FNF:2
FNH:2
DA:155,38
DA:161,38
DA:174,38
LF:3
LH:3
end_of_record
TN:
SF:/usr/include/gtest/gtest-message.h
FNF:0
FNH:0
LF:0
LH:0
end_of_record
TN:
SF:/usr/include/gtest/gtest.h
FN:2317,2317,RUN_ALL_TESTS()
FN:256,256,testing::Test::SetUpTestSuite()
FN:264,264,testing::Test::TearDownTestSuite()
FN:269,269,testing::Test::TearDownTestCase()
FN:270,270,testing::Test::SetUpTestCase()
FN:357,357,testing::Test::Setup()
FNDA:4,RUN_ALL_TESTS()
FNDA:0,testing::Test::SetUpTestSuite()
FNDA:0,testing::Test::TearDownTestSuite()
FNDA:0,testing::Test::TearDownTestCase()
FNDA:0,testing::Test::SetUpTestCase()
FNDA:0,testing::Test::Setup()
FNF:6
FNH:1
DA:256,0
DA:264,0
DA:269,0
DA:270,0
DA:357,0
DA:2317,4
LF:6
LH:1
end_of_record
TN:
SF:/usr/include/gtest/internal/gtest-internal.h
FN:438,438,testing::internal::TestFactoryBase::~TestFactoryBase()
FN:445,445,testing::internal::TestFactoryBase::TestFactoryBase()
FN:457,457,testing::internal::TestFactoryImpl<S21Matrix_AccesssorsMutators_Test>::CreateTest()
FN:457,457,testing::internal::TestFactoryImpl<S21Matrix_Determinant_Test>::CreateTest()
FN:457,457,testing::internal::TestFactoryImpl<S21Matrix_EqMatrix1_Test>::CreateTest()
FN:457,457,testing::internal::TestFactoryImpl<S21Matrix_EqMatrix2_Test>::CreateTest()
FN:457,457,testing::internal::TestFactoryImpl<S21Matrix_InverseMatrix_Test>::CreateTest()
FN:457,457,testing::internal::TestFactoryImpl<S21Matrix_Mult_Test>::CreateTest()
FN:457,457,testing::internal::TestFactoryImpl<S21Matrix_SumMatrix_Test>::CreateTest()
FN:457,457,testing::internal::TestFactoryImpl<S21Matrix_WithoutName1_Test>::CreateTest()
FN:457,457,testing::internal::TestFactoryImpl<S21Matrix_operators_Test>::CreateTest()
FN:478,479,testing::internal::CodeLocation::CodeLocation(std::__cxx11::basic_string<char, std::char_traits<char>, std::allocator<char> > const&, int)
FN:491,494,testing::internal::GetNotDefaultOrNull(void (*)(), void (*)())
FN:506,525,testing::internal::SuiteApiResolver<testing::Test>::GetSetUpCaseOrSuite(char const*, int)
FN:527,546,testing::internal::SuiteApiResolver<testing::Test>::GetTearDownCaseOrSuite(char const*, int)
FNDA:36,testing::internal::TestFactoryBase::~TestFactoryBase()
FNDA:36,testing::internal::TestFactoryBase::TestFactoryBase()
FNDA:2,testing::internal::TestFactoryImpl<S21Matrix_AccesssorsMutators_Test>::CreateTest()
FNDA:2,testing::internal::TestFactoryImpl<S21Matrix_Determinant_Test>::CreateTest()
FNDA:2,testing::internal::TestFactoryImpl<S21Matrix_EqMatrix1_Test>::CreateTest()
FNDA:2,testing::internal::TestFactoryImpl<S21Matrix_EqMatrix2_Test>::CreateTest()
FNDA:2,testing::internal::TestFactoryImpl<S21Matrix_InverseMatrix_Test>::CreateTest()
FNDA:2,testing::internal::TestFactoryImpl<S21Matrix_Mult_Test>::CreateTest()
FNDA:2,testing::internal::TestFactoryImpl<S21Matrix_SumMatrix_Test>::CreateTest()
FNDA:2,testing::internal::TestFactoryImpl<S21Matrix_WithoutName1_Test>::CreateTest()
FNDA:2,testing::internal::TestFactoryImpl<S21Matrix_operators_Test>::CreateTest()
FNDA:36,testing::internal::CodeLocation::CodeLocation(std::__cxx11::basic_string<char, std::char_traits<char>, std::allocator<char> > const&, int)
FNDA:144,testing::internal::GetNotDefaultOrNull(void (*)(), void (*)())
FNDA:36,testing::internal::SuiteApiResolver<testing::Test>::GetSetUpCaseOrSuite(char const*, int)
FNDA:36,testing::internal::SuiteApiResolver<testing::Test>::GetTearDownCaseOrSuite(char const*, int)
FNF:15
FNH:15
DA:438,36
DA:445,36
DA:457,18
DA:478,36
DA:479,36
DA:491,144
DA:493,144
DA:506,36
DA:510,36
DA:512,36
DA:514,36
DA:517,0
DA:519,36
DA:527,36
DA:531,36
DA:533,36
DA:535,36
DA:538,0
DA:540,36
LF:19
LH:17
end_of_record
TN:
SF:/usr/include/gtest/internal/gtest-port.h
FN:1042,1042,testing::internal::GTestLog::GetStream()
FNDA:0,testing::internal::GTestLog::GetStream()
FNF:1
FNH:0
DA:1042,0
LF:1
LH:0
end_of_record
TN:
SF:/usr/include/x86_64-linux-gnu/c++/13/bits/c++config.h
FN:540,551,std::__is_constant_evaluated()
FNDA:36,std::__is_constant_evaluated()
FNF:1
FNH:1
DA:540,36
DA:547,36
LF:2
LH:2
end_of_record
