TN:
SF:/home/sirazhudin_ubuntu/projects_s21/CPP1_s21_matrixplus.ID_353533-1/src/SOURCE/Determinant.cpp
FN:3,13,S21Matrix::Determinant()
FNDA:50,S21Matrix::Determinant()
FNF:1
FNH:1
DA:3,50
DA:4,50
DA:6,50
DA:7,48
DA:8,2
DA:10,46
DA:12,48
LF:7
LH:7
end_of_record
TN:
SF:/home/sirazhudin_ubuntu/projects_s21/CPP1_s21_matrixplus.ID_353533-1/src/SOURCE/EditRowsCols.cpp
FN:3,14,S21Matrix::EditRowsCols(int, int)
FNDA:2,S21Matrix::EditRowsCols(int, int)
FNF:1
FNH:1
DA:3,2
DA:4,2
DA:5,12
DA:6,30
DA:7,20
DA:9,12
DA:12,2
DA:13,2
DA:14,2
LF:9
LH:9
end_of_record
TN:
SF:/home/sirazhudin_ubuntu/projects_s21/CPP1_s21_matrixplus.ID_353533-1/src/SOURCE/EqMatrix.cpp
FN:3,18,S21Matrix::EqMatrix(S21Matrix const&)
FNDA:24,S21Matrix::EqMatrix(S21Matrix const&)
FNF:1
FNH:1
DA:3,24
DA:4,24
DA:5,24
DA:6,2
DA:8,86
DA:9,252
DA:10,188
DA:11,4
DA:12,4
DA:13,4
DA:17,24
LF:11
LH:11
end_of_record
TN:
SF:/home/sirazhudin_ubuntu/projects_s21/CPP1_s21_matrixplus.ID_353533-1/src/SOURCE/HELPER/for_determinant.cpp
FN:3,21,S21Matrix::for_determinant(double&, double*, int)
FNDA:70,S21Matrix::for_determinant(double&, double*, int)
FNF:1
FNH:1
DA:3,70
DA:4,156
DA:5,86
DA:6,62
DA:7,86
DA:8,62
DA:9,62
DA:11,96
DA:12,72
DA:13,24
DA:14,24
DA:17,24
DA:18,24
DA:19,24
DA:21,70
LF:15
LH:15
end_of_record
TN:
SF:/home/sirazhudin_ubuntu/projects_s21/CPP1_s21_matrixplus.ID_353533-1/src/SOURCE/HELPER/get_determinant_two_dimensional.cpp
FN:3,5,S21Matrix::get_determinant_two_dimensional()
FNDA:62,S21Matrix::get_determinant_two_dimensional()
FNF:1
FNH:1
DA:3,62
DA:4,62
LF:2
LH:2
end_of_record
TN:
SF:/home/sirazhudin_ubuntu/projects_s21/CPP1_s21_matrixplus.ID_353533-1/src/SOURCE/HELPER/get_minor_matrix.cpp
FN:3,15,S21Matrix::get_minor_matrix(int, int)
FNDA:60,S21Matrix::get_minor_matrix(int, int)
FNF:1
FNH:1
DA:3,60
DA:4,60
DA:5,240
DA:6,720
DA:7,540
DA:8,360
DA:9,360
DA:12,180
DA:14,60
LF:9
LH:9
end_of_record
TN:
SF:/home/sirazhudin_ubuntu/projects_s21/CPP1_s21_matrixplus.ID_353533-1/src/SOURCE/MulMatrix.cpp
FN:3,20,S21Matrix::MulMatrix(S21Matrix const&)
FNDA:8,S21Matrix::MulMatrix(S21Matrix const&)
FNF:1
FNH:1
DA:3,8
DA:4,8
DA:5,2
DA:6,6
DA:7,6
DA:8,6
DA:9,78
DA:10,24
DA:11,72
DA:12,54
DA:13,54
DA:14,198
DA:15,144
DA:16,144
DA:20,6
LF:15
LH:15
end_of_record
TN:
SF:/home/sirazhudin_ubuntu/projects_s21/CPP1_s21_matrixplus.ID_353533-1/src/SOURCE/MulNumber.cpp
FN:3,7,S21Matrix::MulNumber(double)
FNDA:6,S21Matrix::MulNumber(double)
FNF:1
FNH:1
DA:3,6
DA:4,24
DA:5,66
DA:7,6
LF:4
LH:4
end_of_record
TN:
SF:/home/sirazhudin_ubuntu/projects_s21/CPP1_s21_matrixplus.ID_353533-1/src/SOURCE/OPERATORS/operator*=.cpp
FN:3,6,S21Matrix::operator*=(S21Matrix&)
FN:8,11,S21Matrix::operator*=(double)
FNDA:2,S21Matrix::operator*=(S21Matrix&)
FNDA:2,S21Matrix::operator*=(double)
FNF:2
FNH:2
DA:3,2
DA:4,2
DA:5,2
DA:8,2
DA:9,2
DA:10,2
LF:6
LH:6
end_of_record
TN:
SF:/home/sirazhudin_ubuntu/projects_s21/CPP1_s21_matrixplus.ID_353533-1/src/SOURCE/OPERATORS/operator+=.cpp
FN:3,6,S21Matrix::operator+=(S21Matrix&)
FNDA:2,S21Matrix::operator+=(S21Matrix&)
FNF:1
FNH:1
DA:3,2
DA:4,2
DA:5,2
LF:3
LH:3
end_of_record
TN:
SF:/home/sirazhudin_ubuntu/projects_s21/CPP1_s21_matrixplus.ID_353533-1/src/SOURCE/OPERATORS/operator-=.cpp
FN:3,6,S21Matrix::operator-=(S21Matrix&)
FNDA:2,S21Matrix::operator-=(S21Matrix&)
FNF:1
FNH:1
DA:3,2
DA:4,2
DA:5,2
LF:3
LH:3
end_of_record
TN:
SF:/home/sirazhudin_ubuntu/projects_s21/CPP1_s21_matrixplus.ID_353533-1/src/SOURCE/OPERATORS/operator=.cpp
FN:3,16,S21Matrix::operator=(S21Matrix&)
FNDA:4,S21Matrix::operator=(S21Matrix&)
FNF:1
FNH:1
DA:3,4
DA:4,4
DA:6,4
DA:7,4
DA:8,4
DA:9,4
DA:10,58
DA:11,20
DA:12,54
DA:15,4
LF:10
LH:10
end_of_record
TN:
SF:/home/sirazhudin_ubuntu/projects_s21/CPP1_s21_matrixplus.ID_353533-1/src/SOURCE/OPERATORS/operator==.cpp
FN:3,3,S21Matrix::operator==(S21Matrix&)
FNDA:14,S21Matrix::operator==(S21Matrix&)
FNF:1
FNH:1
DA:3,14
LF:1
LH:1
end_of_record
TN:
SF:/home/sirazhudin_ubuntu/projects_s21/CPP1_s21_matrixplus.ID_353533-1/src/SOURCE/OPERATORS/operator_brackets.cpp
FN:3,9,S21Matrix::operator()(int, int)
FNDA:4,S21Matrix::operator()(int, int)
FNF:1
FNH:1
DA:3,4
DA:4,4
DA:5,4
DA:6,2
DA:8,2
LF:5
LH:5
end_of_record
TN:
SF:/home/sirazhudin_ubuntu/projects_s21/CPP1_s21_matrixplus.ID_353533-1/src/SOURCE/SubMatrix.cpp
FN:3,10,S21Matrix::SubMatrix(S21Matrix const&)
FNDA:10,S21Matrix::SubMatrix(S21Matrix const&)
FNF:1
FNH:1
DA:3,10
DA:4,10
DA:5,2
DA:6,28
DA:7,72
DA:8,52
DA:10,8
LF:7
LH:7
end_of_record
TN:
SF:/home/sirazhudin_ubuntu/projects_s21/CPP1_s21_matrixplus.ID_353533-1/src/SOURCE/SumMatrix.cpp
FN:3,10,S21Matrix::SumMatrix(S21Matrix const&)
FNDA:8,S21Matrix::SumMatrix(S21Matrix const&)
FNF:1
FNH:1
DA:3,8
DA:4,8
DA:5,2
DA:6,22
DA:7,60
DA:8,44
DA:10,6
LF:7
LH:7
end_of_record
TN:
SF:/home/sirazhudin_ubuntu/projects_s21/CPP1_s21_matrixplus.ID_353533-1/src/SOURCE/Transpose.cpp
FN:3,11,S21Matrix::Transpose()
FNDA:6,S21Matrix::Transpose()
FNF:1
FNH:1
DA:3,6
DA:4,6
DA:5,22
DA:6,64
DA:7,48
DA:10,6
LF:6
LH:6
end_of_record
TN:
SF:/home/sirazhudin_ubuntu/projects_s21/CPP1_s21_matrixplus.ID_353533-1/src/SOURCE/s21Matrix.cpp
FN:13,17,S21Matrix::S21Matrix(S21Matrix const&)
FN:19,22,S21Matrix::S21Matrix(S21Matrix&&)
FN:3,3,S21Matrix::S21Matrix()
FN:5,11,S21Matrix::S21Matrix(int, int)
FNDA:22,S21Matrix::S21Matrix(S21Matrix const&)
FNDA:8,S21Matrix::S21Matrix(S21Matrix&&)
FNDA:2,S21Matrix::S21Matrix()
FNDA:146,S21Matrix::S21Matrix(int, int)
FNF:4
FNH:4
DA:3,2
DA:5,146
DA:6,146
DA:7,146
DA:8,2
DA:9,144
DA:10,1542
DA:11,144
DA:13,22
DA:14,22
DA:15,90
DA:16,258
DA:17,22
DA:19,8
DA:20,8
DA:21,8
DA:22,8
LF:17
LH:17
end_of_record
TN:
SF:/home/sirazhudin_ubuntu/projects_s21/CPP1_s21_matrixplus.ID_353533-1/src/SOURCE/~s21Matrix.cpp
FN:3,8,S21Matrix::~S21Matrix()
FNDA:158,S21Matrix::~S21Matrix()
FNF:1
FNH:1
DA:3,158
DA:4,158
DA:5,564
DA:6,154
DA:8,158
LF:5
LH:5
end_of_record
